<?xml version="1.0" encoding="UTF-8"?>
<!-- Generated by org.testng.reporters.JUnitReportReporter -->
<testsuite hostname="Kripal-VAIO" name="Acedemy.ValidatedTitle" tests="1" failures="0" timestamp="20 Sep 2018 12:09:58 GMT" time="2.221" errors="0">
  <testcase name="validateAppTitle" time="2.221" classname="Acedemy.ValidatedTitle"/>
</testsuite> <!-- Acedemy.ValidatedTitle -->
