<?xml version="1.0" encoding="UTF-8"?>
<!-- Generated by org.testng.reporters.JUnitReportReporter -->
<testsuite hostname="Kripal-VAIO" name="Acedemy.HomePage" tests="1" failures="0" timestamp="20 Sep 2018 12:09:58 GMT" time="8.669" errors="0">
  <testcase name="baseclassNavigation" time="8.669" classname="Acedemy.HomePage"/>
</testsuite> <!-- Acedemy.HomePage -->
