<?xml version="1.0" encoding="UTF-8"?>
<!-- Generated by org.testng.reporters.JUnitReportReporter -->
<testsuite hostname="Kripal-VAIO" name="Acedemy.ValidateNavigationBar" tests="1" failures="0" timestamp="20 Sep 2018 12:09:58 GMT" time="2.250" errors="0">
  <testcase name="validateAppBar" time="2.250" classname="Acedemy.ValidateNavigationBar"/>
</testsuite> <!-- Acedemy.ValidateNavigationBar -->
