<?xml version="1.0" encoding="UTF-8"?>
<!-- Generated by org.testng.reporters.JUnitReportReporter -->
<testsuite hostname="Kripal-VAIO" name="Acedemy.ValidateNavigationBar" tests="1" failures="0" timestamp="29 May 2018 05:52:38 GMT" time="2.216" errors="0">
  <testcase name="validateAppBar" time="2.216" classname="Acedemy.ValidateNavigationBar"/>
</testsuite> <!-- Acedemy.ValidateNavigationBar -->
